<?xml version="1.0" encoding="UTF-8"?>
<!-- Generated by org.testng.reporters.JUnitXMLReporter -->
<testsuite ignored="1" hostname="LAPTOP-AHR2CD7I" failures="0" tests="1" name="Default test" time="11.598" errors="0" timestamp="2022-05-11T11:21:23 IST">
  <testcase classname="test.homepagetest" name="selectstockfromlistbyfor" time="2.418"/>
  <testcase classname="test.homepagetest" name="selectstockfromlistbyindex" time="0.0">
    <ignored/>
  </testcase> <!-- selectstockfromlistbyindex -->
</testsuite> <!-- Default test -->
