<?xml version="1.0" encoding="UTF-8"?>
<testng-results ignored="1" total="2" passed="1" failed="0" skipped="0">
  <reporter-output>
  </reporter-output>
  <suite started-at="2022-05-11T11:21:11 IST" name="Default suite" finished-at="2022-05-11T11:21:23 IST" duration-ms="11598">
    <groups>
    </groups>
    <test started-at="2022-05-11T11:21:11 IST" name="Default test" finished-at="2022-05-11T11:21:23 IST" duration-ms="11598">
      <class name="test.homepagetest">
        <test-method is-config="true" signature="lanunchbrowseraandlogin()[pri:0, instance:test.homepagetest@35aea049]" started-at="2022-05-11T11:21:11 IST" name="lanunchbrowseraandlogin" finished-at="2022-05-11T11:21:20 IST" duration-ms="9136" status="PASS">
          <reporter-output>
          </reporter-output>
        </test-method> <!-- lanunchbrowseraandlogin -->
        <test-method signature="selectstockfromlistbyfor()[pri:0, instance:test.homepagetest@35aea049]" started-at="2022-05-11T11:21:20 IST" name="selectstockfromlistbyfor" finished-at="2022-05-11T11:21:23 IST" duration-ms="2418" status="PASS">
          <reporter-output>
          </reporter-output>
        </test-method> <!-- selectstockfromlistbyfor -->
      </class> <!-- test.homepagetest -->
    </test> <!-- Default test -->
  </suite> <!-- Default suite -->
</testng-results>
